<?xml version="1.0" encoding="UTF-8"?>
<testsuite xmlns:xsi="http://www.w3.org/2001/XMLSchema-instance" xsi:noNamespaceSchemaLocation="https://maven.apache.org/surefire/maven-surefire-plugin/xsd/surefire-test-report.xsd" name="com.vector.AppTest" time="0.035" tests="1" errors="0" skipped="0" failures="0">
  <properties>
    <property name="java.specification.version" value="17"/>
    <property name="sun.jnu.encoding" value="UTF-8"/>
    <property name="java.class.path" value="/home/vector/Documents/vscode-workspace/java/simpleinventorysystem/target/test-classes:/home/vector/Documents/vscode-workspace/java/simpleinventorysystem/target/classes:/home/vector/.m2/repository/junit/junit/4.11/junit-4.11.jar:/home/vector/.m2/repository/org/hamcrest/hamcrest-core/1.3/hamcrest-core-1.3.jar:/home/vector/.m2/repository/org/projectlombok/lombok/1.18.24/lombok-1.18.24.jar:/home/vector/.m2/repository/org/postgresql/postgresql/42.5.1/postgresql-42.5.1.jar:/home/vector/.m2/repository/org/checkerframework/checker-qual/3.5.0/checker-qual-3.5.0.jar:"/>
    <property name="java.vm.vendor" value="Eclipse Adoptium"/>
    <property name="sun.arch.data.model" value="64"/>
    <property name="java.vendor.url" value="https://adoptium.net/"/>
    <property name="os.name" value="Linux"/>
    <property name="java.vm.specification.version" value="17"/>
    <property name="sun.java.launcher" value="SUN_STANDARD"/>
    <property name="user.country" value="US"/>
    <property name="sun.boot.library.path" value="/opt/jdk-17.0.5+8/lib"/>
    <property name="sun.java.command" value="/home/vector/Documents/vscode-workspace/java/simpleinventorysystem/target/surefire/surefirebooter1748082084876178711.jar /home/vector/Documents/vscode-workspace/java/simpleinventorysystem/target/surefire 2022-12-28T19-59-26_538-jvmRun1 surefire15182164868453514806tmp surefire_011158103872087632930tmp"/>
    <property name="jdk.debug" value="release"/>
    <property name="surefire.test.class.path" value="/home/vector/Documents/vscode-workspace/java/simpleinventorysystem/target/test-classes:/home/vector/Documents/vscode-workspace/java/simpleinventorysystem/target/classes:/home/vector/.m2/repository/junit/junit/4.11/junit-4.11.jar:/home/vector/.m2/repository/org/hamcrest/hamcrest-core/1.3/hamcrest-core-1.3.jar:/home/vector/.m2/repository/org/projectlombok/lombok/1.18.24/lombok-1.18.24.jar:/home/vector/.m2/repository/org/postgresql/postgresql/42.5.1/postgresql-42.5.1.jar:/home/vector/.m2/repository/org/checkerframework/checker-qual/3.5.0/checker-qual-3.5.0.jar:"/>
    <property name="sun.cpu.endian" value="little"/>
    <property name="user.home" value="/home/vector"/>
    <property name="user.language" value="en"/>
    <property name="java.specification.vendor" value="Oracle Corporation"/>
    <property name="java.version.date" value="2022-10-18"/>
    <property name="java.home" value="/opt/jdk-17.0.5+8"/>
    <property name="file.separator" value="/"/>
    <property name="basedir" value="/home/vector/Documents/vscode-workspace/java/simpleinventorysystem"/>
    <property name="java.vm.compressedOopsMode" value="32-bit"/>
    <property name="line.separator" value="&#10;"/>
    <property name="java.vm.specification.vendor" value="Oracle Corporation"/>
    <property name="java.specification.name" value="Java Platform API Specification"/>
    <property name="surefire.real.class.path" value="/home/vector/Documents/vscode-workspace/java/simpleinventorysystem/target/surefire/surefirebooter1748082084876178711.jar"/>
    <property name="sun.management.compiler" value="HotSpot 64-Bit Tiered Compilers"/>
    <property name="java.runtime.version" value="17.0.5+8"/>
    <property name="user.name" value="vector"/>
    <property name="path.separator" value=":"/>
    <property name="os.version" value="5.10.0-20-amd64"/>
    <property name="java.runtime.name" value="OpenJDK Runtime Environment"/>
    <property name="file.encoding" value="UTF-8"/>
    <property name="java.vm.name" value="OpenJDK 64-Bit Server VM"/>
    <property name="java.vendor.version" value="Temurin-17.0.5+8"/>
    <property name="localRepository" value="/home/vector/.m2/repository"/>
    <property name="java.vendor.url.bug" value="https://github.com/adoptium/adoptium-support/issues"/>
    <property name="java.io.tmpdir" value="/tmp"/>
    <property name="java.version" value="17.0.5"/>
    <property name="user.dir" value="/home/vector/Documents/vscode-workspace/java/simpleinventorysystem"/>
    <property name="os.arch" value="amd64"/>
    <property name="java.vm.specification.name" value="Java Virtual Machine Specification"/>
    <property name="native.encoding" value="UTF-8"/>
    <property name="java.library.path" value="/usr/java/packages/lib:/usr/lib64:/lib64:/lib:/usr/lib"/>
    <property name="java.vm.info" value="mixed mode, sharing"/>
    <property name="java.vendor" value="Eclipse Adoptium"/>
    <property name="java.vm.version" value="17.0.5+8"/>
    <property name="sun.io.unicode.encoding" value="UnicodeLittle"/>
    <property name="java.class.version" value="61.0"/>
  </properties>
  <testcase name="shouldAnswerWithTrue" classname="com.vector.AppTest" time="0.001"/>
</testsuite>